==1456557== Memcheck, a memory error detector
==1456557== Copyright (C) 2002-2017, and GNU GPL'd, by Julian Seward et al.
==1456557== Using Valgrind-3.18.1 and LibVEX; rerun with -h for copyright info
==1456557== Command: ./test_ft_popen
==1456557== 
Hello from parent!
Test 1: Lecture avec 'r'
Lu: hello world

Test 2: Écriture avec 'w'

Tests terminés
==1456557== 
==1456557== FILE DESCRIPTORS: 6 open (3 std) at exit.
==1456557== Open file descriptor 103: /usr/share/code/v8_context_snapshot.bin
==1456557==    <inherited from parent>
==1456557== 
==1456557== Open AF_UNIX socket 41: <unknown>
==1456557==    <inherited from parent>
==1456557== 
==1456557== Open file descriptor 40: /home/radubos/.config/Code/logs/20250826T151903/ptyhost.log
==1456557==    <inherited from parent>
==1456557== 
==1456557== 
==1456557== HEAP SUMMARY:
==1456557==     in use at exit: 0 bytes in 0 blocks
==1456557==   total heap usage: 1 allocs, 1 frees, 4,096 bytes allocated
==1456557== 
==1456557== All heap blocks were freed -- no leaks are possible
==1456557== 
==1456557== For lists of detected and suppressed errors, rerun with: -s
==1456557== ERROR SUMMARY: 0 errors from 0 contexts (suppressed: 0 from 0)
